<?xml version="1.0" encoding="UTF-8"?>
<!-- Generated by org.testng.reporters.JUnitReportReporter -->
<testsuite hostname="Dell" failures="0" tests="1" name="practice.ParametersTest" time="31.735" errors="0" timestamp="2023-05-01T09:25:55 IST" skipped="0">
  <testcase classname="practice.ParametersTest" name="m1" time="31.735"/>
  <system-out/>
</testsuite> <!-- practice.ParametersTest -->
