<?xml version="1.0" encoding="UTF-8"?>
<!-- Generated by org.testng.reporters.JUnitReportReporter -->
<testsuite hostname="Dell" failures="0" tests="1" name="practice.SampleTest" time="0.017" errors="0" timestamp="2023-05-02T12:09:12 IST" skipped="0">
  <testcase classname="practice.SampleTest" name="test" time="0.017"/>
  <system-out/>
</testsuite> <!-- practice.SampleTest -->
