<?xml version="1.0" encoding="UTF-8"?>
<!-- Generated by org.testng.reporters.JUnitReportReporter -->
<testsuite hostname="Dell" failures="0" tests="1" name="practice.Parameters" time="3.656" errors="0" timestamp="2023-04-19T22:57:39 IST" skipped="0">
  <testcase classname="practice.Parameters" name="m1" time="3.656"/>
  <system-out/>
</testsuite> <!-- practice.Parameters -->
