<?xml version="1.0" encoding="UTF-8"?>
<!-- Generated by org.testng.reporters.JUnitReportReporter -->
<testsuite hostname="Dell" failures="0" tests="1" name="practice.SampleTest" time="0.008" errors="0" timestamp="2023-05-01T21:21:38 IST" skipped="0">
  <testcase classname="practice.SampleTest" name="test" time="0.008"/>
  <system-out/>
</testsuite> <!-- practice.SampleTest -->
