<?xml version="1.0" encoding="UTF-8"?>
<!-- Generated by org.testng.reporters.JUnitReportReporter -->
<testsuite hostname="Dell" failures="0" tests="1" name="practice.SampleTest" time="0.007" errors="0" timestamp="2023-05-01T09:38:46 IST" skipped="0">
  <testcase classname="practice.SampleTest" name="test" time="0.007"/>
  <system-out/>
</testsuite> <!-- practice.SampleTest -->
